# JRE version: Java(TM) SE Runtime Environment 18.9 (11.0.12+8) (build 11.0.12+8-LTS-237)
# Java VM: Java HotSpot(TM) 64-Bit Server VM 18.9 (11.0.12+8-LTS-237, mixed mode, tiered, compressed oops, g1 gc, windows-amd64)
Heap:
 garbage-first heap   total 131072K, used 55878K [0x0000000081400000, 0x0000000100000000)
  region size 1024K, 56 young (57344K), 6 survivors (6144K)
 Metaspace       used 28137K, capacity 28738K, committed 28928K, reserved 1075200K
  class space    used 3060K, capacity 3308K, committed 3328K, reserved 1048576K
GC Heap History (6 events):
Event: 1.665 GC heap before
{Heap before GC invocations=0 (full 0):
 garbage-first heap   total 131072K, used 13312K [0x0000000081400000, 0x0000000100000000)
  region size 1024K, 14 young (14336K), 0 survivors (0K)
 Metaspace       used 8962K, capacity 9194K, committed 9472K, reserved 1058816K
  class space    used 818K, capacity 897K, committed 1024K, reserved 1048576K
}
Event: 1.677 GC heap after
{Heap after GC invocations=1 (full 0):
 garbage-first heap   total 131072K, used 2128K [0x0000000081400000, 0x0000000100000000)
  region size 1024K, 2 young (2048K), 2 survivors (2048K)
 Metaspace       used 8962K, capacity 9194K, committed 9472K, reserved 1058816K
  class space    used 818K, capacity 897K, committed 1024K, reserved 1048576K
}
Event: 4.524 GC heap before
{Heap before GC invocations=1 (full 0):
 garbage-first heap   total 131072K, used 77904K [0x0000000081400000, 0x0000000100000000)
  region size 1024K, 76 young (77824K), 2 survivors (2048K)
 Metaspace       used 17557K, capacity 17945K, committed 18176K, reserved 1064960K
  class space    used 1860K, capacity 2006K, committed 2048K, reserved 1048576K
}
Event: 4.536 GC heap after
{Heap after GC invocations=2 (full 0):
 garbage-first heap   total 131072K, used 4642K [0x0000000081400000, 0x0000000100000000)
  region size 1024K, 5 young (5120K), 5 survivors (5120K)
 Metaspace       used 17557K, capacity 17945K, committed 18176K, reserved 1064960K
  class space    used 1860K, capacity 2006K, committed 2048K, reserved 1048576K
}
Event: 5.624 GC heap before
{Heap before GC invocations=2 (full 0):
 garbage-first heap   total 131072K, used 37410K [0x0000000081400000, 0x0000000100000000)
  region size 1024K, 38 young (38912K), 5 survivors (5120K)
 Metaspace       used 20729K, capacity 21190K, committed 21296K, reserved 1069056K
  class space    used 2224K, capacity 2418K, committed 2432K, reserved 1048576K
}
Event: 5.638 GC heap after
{Heap after GC invocations=3 (full 0):
 garbage-first heap   total 131072K, used 5702K [0x0000000081400000, 0x0000000100000000)
  region size 1024K, 6 young (6144K), 6 survivors (6144K)
 Metaspace       used 20729K, capacity 21190K, committed 21296K, reserved 1069056K
  class space    used 2224K, capacity 2418K, committed 2432K, reserved 1048576K
}

